0 info it worked if it ends with ok
1 verbose cli [ 'G:\\Program Files\\nodejs\\\\node.exe',
1 verbose cli   'G:\\Program Files\\nodejs\\node_modules\\npm\\bin\\npm-cli.js',
1 verbose cli   'install',
1 verbose cli   '-g',
1 verbose cli   'jasmine' ]
2 info using npm@1.3.24
3 info using node@v0.10.26
4 verbose node symlink G:\Program Files\nodejs\\node.exe
5 verbose cache add [ 'jasmine', null ]
6 verbose cache add name=undefined spec="jasmine" args=["jasmine",null]
7 verbose parsed url { protocol: null,
7 verbose parsed url   slashes: null,
7 verbose parsed url   auth: null,
7 verbose parsed url   host: null,
7 verbose parsed url   port: null,
7 verbose parsed url   hostname: null,
7 verbose parsed url   hash: null,
7 verbose parsed url   search: null,
7 verbose parsed url   query: null,
7 verbose parsed url   pathname: 'jasmine',
7 verbose parsed url   path: 'jasmine',
7 verbose parsed url   href: 'jasmine' }
8 silly lockFile 5bfd08bd-jasmine jasmine
9 verbose lock jasmine C:\Users\Steven\AppData\Roaming\npm-cache\5bfd08bd-jasmine.lock
10 silly lockFile 5bfd08bd-jasmine jasmine
11 silly lockFile 5bfd08bd-jasmine jasmine
12 verbose addNamed [ 'jasmine', '' ]
13 verbose addNamed [ null, '*' ]
14 silly lockFile fdd358a6-jasmine jasmine@
15 verbose lock jasmine@ C:\Users\Steven\AppData\Roaming\npm-cache\fdd358a6-jasmine.lock
16 silly addNameRange { name: 'jasmine', range: '*', hasData: false }
17 verbose url raw jasmine
18 verbose url resolving [ 'https://registry.npmjs.org/', './jasmine' ]
19 verbose url resolved https://registry.npmjs.org/jasmine
20 info trying registry request attempt 1 at 00:03:10
21 http GET https://registry.npmjs.org/jasmine
22 http 404 https://registry.npmjs.org/jasmine
23 silly registry.get cb [ 404,
23 silly registry.get   { date: 'Wed, 25 Jun 2014 05:03:11 GMT',
23 silly registry.get     server: 'CouchDB/1.5.0 (Erlang OTP/R14B04)',
23 silly registry.get     'content-type': 'application/json',
23 silly registry.get     'cache-control': 'max-age=0',
23 silly registry.get     'content-length': '52',
23 silly registry.get     'accept-ranges': 'bytes',
23 silly registry.get     via: '1.1 varnish',
23 silly registry.get     age: '0',
23 silly registry.get     'x-served-by': 'cache-ord1724-ORD',
23 silly registry.get     'x-cache': 'MISS',
23 silly registry.get     'x-cache-hits': '0',
23 silly registry.get     'x-timer': 'S1403672591.047873,VS0,VE71',
23 silly registry.get     'keep-alive': 'timeout=10, max=50',
23 silly registry.get     connection: 'Keep-Alive' } ]
24 silly lockFile fdd358a6-jasmine jasmine@
25 silly lockFile fdd358a6-jasmine jasmine@
26 error 404 'jasmine' is not in the npm registry.
26 error 404 You should bug the author to publish it
26 error 404
26 error 404 Note that you can also install from a
26 error 404 tarball, folder, or http url, or git url.
27 error System Windows_NT 6.2.9200
28 error command "G:\\Program Files\\nodejs\\\\node.exe" "G:\\Program Files\\nodejs\\node_modules\\npm\\bin\\npm-cli.js" "install" "-g" "jasmine"
29 error cwd G:\Projects\AngularTesting
30 error node -v v0.10.26
31 error npm -v 1.3.24
32 error code E404
33 verbose exit [ 1, true ]
